-------------------------------

v. 2023-12-23

Add "jl" command for "jupyter server list"

-------------------------------

v. 2023-12-19

Switch base Docker Image to jupyter/r-notebook:2023-12-14


-------------------------------

v. 2023-10-17

Install libfontconfig1-dev for R packages

-------------------------------

v. 2023-10-04

Install CMake for R packages

-------------------------------

v. 2023-09-27

Update to linuxserver webtop

Remove Binder

-------------------------------

v. 2023-07-16

Update of base docker to jupyter/r-notebook:2023-07-11

Remove Rstudio

-------------------------------

v. 2023-03-30

Set default wroking directory to `home/joyvan`

-------------------------------

v. 2023-03-29

Update base docker file to jupyter/r-notebook:2023-03-27

Install Python package:
- statsmodels

Make binder environment

-------------------------------

v. 2023-01-27

Update base docker file to jupyter/r-notebook:2023-01-24

Update Rstudio server message at startup

-------------------------------

v. 20230119

Make user-specific Docker containers

-------------------------------

v. 20221128

Update base docker file to jupyter/r-notebook:2022-11-28

Install the following packages:

- jupyter-book

-------------------------------

v. 20221107

Update base docker file to jupyter/r-notebook:2022-11-07

Install the following packages:

- papermill

-------------------------------

v. 20220930

Add the -p argument to the "jl" commands

-------------------------------

v. 20220728

- Install Python package "openpyxl" in the base environment and build-essential for g++

-------------------------------
v. 20220222

- Install nb_conda_kernels in the base environment

-------------------------------
v. 20220211

- Install vim

-------------------------------
v. 20220206

Python packages added:

- pandas
- seaborn

-------------------------------
v. 20220124

- Adding RStudio Server and rstudio username

R package added:

- lmerTest

-------------------------------
v. 20220117

Docker container from jupyter/r-notebook:latest

Python packages added:

- lckr-jupyterlab-variableinspector

R packages added:

- devtools
- repr
- svglite
- latex2exp
- rstatix
- ggpubr
- ggsci
- tidyverse